<?xml version="1.0" encoding="UTF-8"?>
<!-- Generated by org.testng.reporters.JUnitXMLReporter -->
<testsuite ignored="0" hostname="Pavani" failures="0" tests="5" name="Test1" time="23.92" errors="0" timestamp="2024-06-12T15:16:13 IST">
  <testcase classname="SeleniumBasics.MiniProject1" name="userid" time="10.322"/>
  <testcase classname="SeleniumBasics.MiniProject1" name="password" time="3.169"/>
  <testcase classname="SeleniumBasics.MiniProject1" name="radiobutton" time="3.088"/>
  <testcase classname="SeleniumBasics.MiniProject1" name="dropdown" time="3.603"/>
  <testcase classname="SeleniumBasics.MiniProject1" name="checkboxes" time="0.245"/>
</testsuite> <!-- Test1 -->
