<?xml version="1.0" encoding="UTF-8"?>
<testng-results ignored="0" total="5" passed="5" failed="0" skipped="0">
  <reporter-output>
  </reporter-output>
  <suite started-at="2024-06-12T15:15:49 IST" name="Suite2" finished-at="2024-06-12T15:16:13 IST" duration-ms="23920">
    <groups>
    </groups>
    <test started-at="2024-06-12T15:15:49 IST" name="Test1" finished-at="2024-06-12T15:16:13 IST" duration-ms="23920">
      <class name="SeleniumBasics.MiniProject1">
        <test-method is-config="true" signature="setup(java.lang.String)[pri:0, instance:SeleniumBasics.MiniProject1@15aab8c6]" started-at="2024-06-12T15:15:49 IST" name="setup" finished-at="2024-06-12T15:15:52 IST" duration-ms="3058" status="PASS">
          <params>
            <param index="0">
              <value>
                <![CDATA[chrome]]>
              </value>
            </param>
          </params>
          <reporter-output>
          </reporter-output>
        </test-method> <!-- setup -->
        <test-method signature="userid()[pri:0, instance:SeleniumBasics.MiniProject1@15aab8c6]" started-at="2024-06-12T15:15:52 IST" name="userid" finished-at="2024-06-12T15:16:03 IST" duration-ms="10322" status="PASS">
          <reporter-output>
          </reporter-output>
        </test-method> <!-- userid -->
        <test-method signature="password()[pri:1, instance:SeleniumBasics.MiniProject1@15aab8c6]" started-at="2024-06-12T15:16:03 IST" name="password" finished-at="2024-06-12T15:16:06 IST" duration-ms="3169" status="PASS">
          <reporter-output>
          </reporter-output>
        </test-method> <!-- password -->
        <test-method signature="radiobutton()[pri:2, instance:SeleniumBasics.MiniProject1@15aab8c6]" started-at="2024-06-12T15:16:06 IST" name="radiobutton" finished-at="2024-06-12T15:16:09 IST" duration-ms="3088" status="PASS">
          <reporter-output>
          </reporter-output>
        </test-method> <!-- radiobutton -->
        <test-method signature="dropdown()[pri:3, instance:SeleniumBasics.MiniProject1@15aab8c6]" started-at="2024-06-12T15:16:09 IST" name="dropdown" finished-at="2024-06-12T15:16:12 IST" duration-ms="3603" status="PASS">
          <reporter-output>
          </reporter-output>
        </test-method> <!-- dropdown -->
        <test-method signature="checkboxes()[pri:4, instance:SeleniumBasics.MiniProject1@15aab8c6]" started-at="2024-06-12T15:16:13 IST" name="checkboxes" finished-at="2024-06-12T15:16:13 IST" duration-ms="245" status="PASS">
          <reporter-output>
          </reporter-output>
        </test-method> <!-- checkboxes -->
        <test-method is-config="true" signature="teardown()[pri:0, instance:SeleniumBasics.MiniProject1@15aab8c6]" started-at="2024-06-12T15:16:13 IST" name="teardown" finished-at="2024-06-12T15:16:13 IST" duration-ms="376" status="PASS">
          <reporter-output>
          </reporter-output>
        </test-method> <!-- teardown -->
      </class> <!-- SeleniumBasics.MiniProject1 -->
    </test> <!-- Test1 -->
  </suite> <!-- Suite2 -->
</testng-results>
